Arguments: 
  /Users/user/.nvm/versions/node/v14.16.1/bin/node /Users/user/.nvm/versions/node/v14.16.1/bin/yarn

PATH: 
  /Users/user/.nvm/versions/node/v14.16.1/bin:/Users/user/.yarn/bin:/Users/user/.config/yarn/global/node_modules/.bin:/usr/local/bin:/usr/bin:/bin:/usr/sbin:/sbin:/Library/Apple/usr/bin:/Users/user/.nvm/versions/node/v14.16.1/bin:/Users/user/.yarn/bin:/Users/user/.config/yarn/global/node_modules/.bin

Yarn version: 
  1.22.10

Node version: 
  14.16.1

Platform: 
  darwin x64

Trace: 
  Error: https://registry.yarnpkg.com/@study-eslint%2feslint-plugin: Not found
      at Request.params.callback [as _callback] (/Users/user/.nvm/versions/node/v14.16.1/lib/node_modules/yarn/lib/cli.js:66988:18)
      at Request.self.callback (/Users/user/.nvm/versions/node/v14.16.1/lib/node_modules/yarn/lib/cli.js:140662:22)
      at Request.emit (events.js:315:20)
      at Request.<anonymous> (/Users/user/.nvm/versions/node/v14.16.1/lib/node_modules/yarn/lib/cli.js:141634:10)
      at Request.emit (events.js:315:20)
      at IncomingMessage.<anonymous> (/Users/user/.nvm/versions/node/v14.16.1/lib/node_modules/yarn/lib/cli.js:141556:12)
      at Object.onceWrapper (events.js:421:28)
      at IncomingMessage.emit (events.js:327:22)
      at endReadableNT (internal/streams/readable.js:1327:12)
      at processTicksAndRejections (internal/process/task_queues.js:80:21)

npm manifest: 
  {
    "name": "my-app",
    "version": "0.0.0",
    "scripts": {
      "lint": "eslint src --ext .js,.jsx,.ts,.tsx --fix",
      "dev": "vite",
      "build": "tsc && vite build",
      "preview": "vite preview"
    },
    "dependencies": {
      "react": "^17.0.2",
      "react-dom": "^17.0.2"
    },
    "devDependencies": {
      "@types/react": "^17.0.33",
      "@types/react-dom": "^17.0.10",
      "@vitejs/plugin-react": "^1.0.7",
      "@study-eslint/eslint-plugin": "0.1.0",
      "@web-configs/eslint-plugin": "0.1.0",
      "eslint": "^8.8.0",
      "typescript": "^4.4.4",
      "vite": "^2.7.2"
    },
    "prettier": {
      "printWidth": 80,
      "tabWidth": 2,
      "useTabs": false,
      "semi": true,
      "singleQuote": true,
      "bracketSpacing": false,
      "jsxBracketSameLine": false
    }
  }

yarn manifest: 
  No manifest

Lockfile: 
  No lockfile
